{"/Users/tumainimaganiko/Desktop/projects/pair testing/To-Do-List/src/modules/complete.js": {"path":"/Users/tumainimaganiko/Desktop/projects/pair testing/To-Do-List/src/modules/complete.js","statementMap":{"0":{"start":{"line":3,"column":17},"end":{"line":15,"column":1}},"1":{"start":{"line":4,"column":15},"end":{"line":4,"column":56}},"2":{"start":{"line":5,"column":2},"end":{"line":13,"column":5}},"3":{"start":{"line":6,"column":4},"end":{"line":12,"column":5}},"4":{"start":{"line":7,"column":6},"end":{"line":11,"column":7}},"5":{"start":{"line":8,"column":8},"end":{"line":8,"column":30}},"6":{"start":{"line":10,"column":8},"end":{"line":10,"column":31}},"7":{"start":{"line":14,"column":2},"end":{"line":14,"column":54}}},"fnMap":{"0":{"name":"(anonymous_0)","decl":{"start":{"line":3,"column":17},"end":{"line":3,"column":18}},"loc":{"start":{"line":3,"column":25},"end":{"line":15,"column":1}},"line":3},"1":{"name":"(anonymous_1)","decl":{"start":{"line":5,"column":15},"end":{"line":5,"column":16}},"loc":{"start":{"line":5,"column":25},"end":{"line":13,"column":3}},"line":5}},"branchMap":{"0":{"loc":{"start":{"line":6,"column":4},"end":{"line":12,"column":5}},"type":"if","locations":[{"start":{"line":6,"column":4},"end":{"line":12,"column":5}},{"start":{},"end":{}}],"line":6},"1":{"loc":{"start":{"line":7,"column":6},"end":{"line":11,"column":7}},"type":"if","locations":[{"start":{"line":7,"column":6},"end":{"line":11,"column":7}},{"start":{"line":9,"column":13},"end":{"line":11,"column":7}}],"line":7}},"s":{"0":1,"1":0,"2":0,"3":0,"4":0,"5":0,"6":0,"7":0},"f":{"0":0,"1":0},"b":{"0":[0,0],"1":[0,0]},"_coverageSchema":"1a1c01bbd47fc00a2c39e90264f33305004495a9","hash":"655d64cb156d0a81151780c7277a0c3da6be471b"}
,"/Users/tumainimaganiko/Desktop/projects/pair testing/To-Do-List/src/modules/tasks.js": {"path":"/Users/tumainimaganiko/Desktop/projects/pair testing/To-Do-List/src/modules/tasks.js","statementMap":{"0":{"start":{"line":7,"column":4},"end":{"line":7,"column":23}},"1":{"start":{"line":12,"column":13},"end":{"line":18,"column":5}},"2":{"start":{"line":13,"column":6},"end":{"line":17,"column":7}},"3":{"start":{"line":14,"column":8},"end":{"line":14,"column":66}},"4":{"start":{"line":16,"column":8},"end":{"line":16,"column":23}},"5":{"start":{"line":21,"column":12},"end":{"line":26,"column":5}},"6":{"start":{"line":22,"column":19},"end":{"line":22,"column":55}},"7":{"start":{"line":23,"column":6},"end":{"line":25,"column":9}},"8":{"start":{"line":24,"column":8},"end":{"line":24,"column":23}},"9":{"start":{"line":30,"column":14},"end":{"line":39,"column":5}},"10":{"start":{"line":31,"column":20},"end":{"line":31,"column":44}},"11":{"start":{"line":32,"column":24},"end":{"line":32,"column":29}},"12":{"start":{"line":33,"column":26},"end":{"line":33,"column":68}},"13":{"start":{"line":34,"column":19},"end":{"line":34,"column":59}},"14":{"start":{"line":35,"column":6},"end":{"line":35,"column":31}},"15":{"start":{"line":36,"column":6},"end":{"line":36,"column":21}},"16":{"start":{"line":37,"column":6},"end":{"line":37,"column":19}},"17":{"start":{"line":38,"column":6},"end":{"line":38,"column":54}},"18":{"start":{"line":43,"column":14},"end":{"line":81,"column":5}},"19":{"start":{"line":44,"column":20},"end":{"line":44,"column":52}},"20":{"start":{"line":45,"column":6},"end":{"line":45,"column":30}},"21":{"start":{"line":47,"column":6},"end":{"line":80,"column":9}},"22":{"start":{"line":48,"column":22},"end":{"line":48,"column":54}},"23":{"start":{"line":51,"column":8},"end":{"line":55,"column":9}},"24":{"start":{"line":52,"column":10},"end":{"line":52,"column":36}},"25":{"start":{"line":54,"column":10},"end":{"line":54,"column":29}},"26":{"start":{"line":57,"column":19},"end":{"line":57,"column":47}},"27":{"start":{"line":58,"column":8},"end":{"line":58,"column":34}},"28":{"start":{"line":60,"column":22},"end":{"line":60,"column":53}},"29":{"start":{"line":61,"column":8},"end":{"line":61,"column":47}},"30":{"start":{"line":62,"column":8},"end":{"line":62,"column":45}},"31":{"start":{"line":63,"column":8},"end":{"line":63,"column":44}},"32":{"start":{"line":63,"column":31},"end":{"line":63,"column":43}},"33":{"start":{"line":64,"column":8},"end":{"line":64,"column":38}},"34":{"start":{"line":65,"column":8},"end":{"line":65,"column":30}},"35":{"start":{"line":67,"column":23},"end":{"line":67,"column":54}},"36":{"start":{"line":68,"column":8},"end":{"line":68,"column":44}},"37":{"start":{"line":69,"column":8},"end":{"line":69,"column":52}},"38":{"start":{"line":70,"column":8},"end":{"line":70,"column":60}},"39":{"start":{"line":71,"column":8},"end":{"line":71,"column":49}},"40":{"start":{"line":72,"column":8},"end":{"line":72,"column":31}},"41":{"start":{"line":74,"column":23},"end":{"line":74,"column":50}},"42":{"start":{"line":75,"column":8},"end":{"line":75,"column":53}},"43":{"start":{"line":76,"column":8},"end":{"line":76,"column":48}},"44":{"start":{"line":76,"column":31},"end":{"line":76,"column":47}},"45":{"start":{"line":77,"column":8},"end":{"line":77,"column":31}},"46":{"start":{"line":79,"column":8},"end":{"line":79,"column":30}},"47":{"start":{"line":84,"column":12},"end":{"line":86,"column":5}},"48":{"start":{"line":85,"column":6},"end":{"line":85,"column":67}},"49":{"start":{"line":90,"column":14},"end":{"line":98,"column":5}},"50":{"start":{"line":91,"column":6},"end":{"line":91,"column":34}},"51":{"start":{"line":92,"column":6},"end":{"line":94,"column":9}},"52":{"start":{"line":93,"column":8},"end":{"line":93,"column":28}},"53":{"start":{"line":95,"column":6},"end":{"line":95,"column":67}},"54":{"start":{"line":96,"column":6},"end":{"line":96,"column":21}},"55":{"start":{"line":97,"column":6},"end":{"line":97,"column":19}},"56":{"start":{"line":102,"column":13},"end":{"line":116,"column":5}},"57":{"start":{"line":103,"column":16},"end":{"line":103,"column":57}},"58":{"start":{"line":104,"column":6},"end":{"line":115,"column":9}},"59":{"start":{"line":105,"column":8},"end":{"line":114,"column":11}},"60":{"start":{"line":106,"column":22},"end":{"line":106,"column":47}},"61":{"start":{"line":107,"column":10},"end":{"line":111,"column":13}},"62":{"start":{"line":108,"column":12},"end":{"line":110,"column":13}},"63":{"start":{"line":109,"column":14},"end":{"line":109,"column":48}},"64":{"start":{"line":113,"column":10},"end":{"line":113,"column":71}},"65":{"start":{"line":119,"column":13},"end":{"line":119,"column":24}}},"fnMap":{"0":{"name":"(anonymous_0)","decl":{"start":{"line":6,"column":2},"end":{"line":6,"column":3}},"loc":{"start":{"line":6,"column":16},"end":{"line":8,"column":3}},"line":6},"1":{"name":"(anonymous_1)","decl":{"start":{"line":12,"column":13},"end":{"line":12,"column":14}},"loc":{"start":{"line":12,"column":19},"end":{"line":18,"column":5}},"line":12},"2":{"name":"(anonymous_2)","decl":{"start":{"line":21,"column":12},"end":{"line":21,"column":13}},"loc":{"start":{"line":21,"column":18},"end":{"line":26,"column":5}},"line":21},"3":{"name":"(anonymous_3)","decl":{"start":{"line":23,"column":38},"end":{"line":23,"column":39}},"loc":{"start":{"line":23,"column":44},"end":{"line":25,"column":7}},"line":23},"4":{"name":"(anonymous_4)","decl":{"start":{"line":30,"column":14},"end":{"line":30,"column":15}},"loc":{"start":{"line":30,"column":20},"end":{"line":39,"column":5}},"line":30},"5":{"name":"(anonymous_5)","decl":{"start":{"line":43,"column":14},"end":{"line":43,"column":15}},"loc":{"start":{"line":43,"column":20},"end":{"line":81,"column":5}},"line":43},"6":{"name":"(anonymous_6)","decl":{"start":{"line":47,"column":28},"end":{"line":47,"column":29}},"loc":{"start":{"line":47,"column":42},"end":{"line":80,"column":7}},"line":47},"7":{"name":"(anonymous_7)","decl":{"start":{"line":63,"column":25},"end":{"line":63,"column":26}},"loc":{"start":{"line":63,"column":31},"end":{"line":63,"column":43}},"line":63},"8":{"name":"(anonymous_8)","decl":{"start":{"line":76,"column":25},"end":{"line":76,"column":26}},"loc":{"start":{"line":76,"column":31},"end":{"line":76,"column":47}},"line":76},"9":{"name":"(anonymous_9)","decl":{"start":{"line":84,"column":12},"end":{"line":84,"column":13}},"loc":{"start":{"line":84,"column":18},"end":{"line":86,"column":5}},"line":84},"10":{"name":"(anonymous_10)","decl":{"start":{"line":90,"column":14},"end":{"line":90,"column":15}},"loc":{"start":{"line":90,"column":22},"end":{"line":98,"column":5}},"line":90},"11":{"name":"(anonymous_11)","decl":{"start":{"line":92,"column":28},"end":{"line":92,"column":29}},"loc":{"start":{"line":92,"column":42},"end":{"line":94,"column":7}},"line":92},"12":{"name":"(anonymous_12)","decl":{"start":{"line":102,"column":13},"end":{"line":102,"column":14}},"loc":{"start":{"line":102,"column":19},"end":{"line":116,"column":5}},"line":102},"13":{"name":"(anonymous_13)","decl":{"start":{"line":104,"column":16},"end":{"line":104,"column":17}},"loc":{"start":{"line":104,"column":30},"end":{"line":115,"column":7}},"line":104},"14":{"name":"(anonymous_14)","decl":{"start":{"line":105,"column":43},"end":{"line":105,"column":44}},"loc":{"start":{"line":105,"column":50},"end":{"line":114,"column":9}},"line":105},"15":{"name":"(anonymous_15)","decl":{"start":{"line":107,"column":32},"end":{"line":107,"column":33}},"loc":{"start":{"line":107,"column":46},"end":{"line":111,"column":11}},"line":107}},"branchMap":{"0":{"loc":{"start":{"line":13,"column":6},"end":{"line":17,"column":7}},"type":"if","locations":[{"start":{"line":13,"column":6},"end":{"line":17,"column":7}},{"start":{},"end":{}}],"line":13},"1":{"loc":{"start":{"line":51,"column":8},"end":{"line":55,"column":9}},"type":"if","locations":[{"start":{"line":51,"column":8},"end":{"line":55,"column":9}},{"start":{"line":53,"column":15},"end":{"line":55,"column":9}}],"line":51},"2":{"loc":{"start":{"line":108,"column":12},"end":{"line":110,"column":13}},"type":"if","locations":[{"start":{"line":108,"column":12},"end":{"line":110,"column":13}},{"start":{},"end":{}}],"line":108}},"s":{"0":1,"1":1,"2":0,"3":0,"4":0,"5":1,"6":0,"7":0,"8":0,"9":1,"10":2,"11":2,"12":2,"13":2,"14":2,"15":2,"16":2,"17":2,"18":1,"19":2,"20":2,"21":2,"22":3,"23":3,"24":0,"25":3,"26":3,"27":3,"28":3,"29":3,"30":3,"31":3,"32":0,"33":3,"34":3,"35":3,"36":3,"37":3,"38":3,"39":3,"40":3,"41":3,"42":3,"43":3,"44":0,"45":3,"46":3,"47":1,"48":2,"49":1,"50":0,"51":0,"52":0,"53":0,"54":0,"55":0,"56":1,"57":0,"58":0,"59":0,"60":0,"61":0,"62":0,"63":0,"64":0,"65":1},"f":{"0":1,"1":0,"2":0,"3":0,"4":2,"5":2,"6":3,"7":0,"8":0,"9":2,"10":0,"11":0,"12":0,"13":0,"14":0,"15":0},"b":{"0":[0,0],"1":[0,3],"2":[0,0]},"_coverageSchema":"1a1c01bbd47fc00a2c39e90264f33305004495a9","hash":"6b337c16143c4e4bbcd58c30c3f2e7aed6f1f608"}
,"/Users/tumainimaganiko/Desktop/projects/pair testing/To-Do-List/src/modules/todos.js": {"path":"/Users/tumainimaganiko/Desktop/projects/pair testing/To-Do-List/src/modules/todos.js","statementMap":{"0":{"start":{"line":3,"column":4},"end":{"line":3,"column":23}},"1":{"start":{"line":4,"column":4},"end":{"line":4,"column":31}},"2":{"start":{"line":5,"column":4},"end":{"line":5,"column":35}}},"fnMap":{"0":{"name":"(anonymous_0)","decl":{"start":{"line":2,"column":2},"end":{"line":2,"column":3}},"loc":{"start":{"line":2,"column":45},"end":{"line":6,"column":3}},"line":2}},"branchMap":{},"s":{"0":2,"1":2,"2":2},"f":{"0":2},"b":{},"_coverageSchema":"1a1c01bbd47fc00a2c39e90264f33305004495a9","hash":"b1ac607cbffa59190f6f16f9ec78d11dfd494d80"}
}
